Using pre-set license
Built from '2022.3/staging' branch; Version is '2022.3.11f1 (d00248457e15) revision 13632072'; Using compiler version '192829333'; Build Type 'Release'
OS: 'Windows 11  (10.0.22631) 64bit Core' Language: 'en' Physical Memory: 65275 MB
BatchMode: 1, IsHumanControllingUs: 0, StartBugReporterOnCrash: 0, Is64bit: 1, IsPro: 1

COMMAND LINE ARGUMENTS:
C:\Program Files\Unity\Hub\Editor\2022.3.11f1\Editor\Unity.exe
-adb2
-batchMode
-noUpm
-name
AssetImportWorker4
-projectPath
C:/Unity Projects/CompAnimLabs/LAB-01-JADENCHEN
-logFile
Logs/AssetImportWorker4.log
-srvPort
54874
Successfully changed project path to: C:/Unity Projects/CompAnimLabs/LAB-01-JADENCHEN
C:/Unity Projects/CompAnimLabs/LAB-01-JADENCHEN
[UnityMemory] Configuration Parameters - Can be set up in boot.config
    "memorysetup-bucket-allocator-granularity=16"
    "memorysetup-bucket-allocator-bucket-count=8"
    "memorysetup-bucket-allocator-block-size=33554432"
    "memorysetup-bucket-allocator-block-count=8"
    "memorysetup-main-allocator-block-size=16777216"
    "memorysetup-thread-allocator-block-size=16777216"
    "memorysetup-gfx-main-allocator-block-size=16777216"
    "memorysetup-gfx-thread-allocator-block-size=16777216"
    "memorysetup-cache-allocator-block-size=4194304"
    "memorysetup-typetree-allocator-block-size=2097152"
    "memorysetup-profiler-bucket-allocator-granularity=16"
    "memorysetup-profiler-bucket-allocator-bucket-count=8"
    "memorysetup-profiler-bucket-allocator-block-size=33554432"
    "memorysetup-profiler-bucket-allocator-block-count=8"
    "memorysetup-profiler-allocator-block-size=16777216"
    "memorysetup-profiler-editor-allocator-block-size=1048576"
    "memorysetup-temp-allocator-size-main=16777216"
    "memorysetup-job-temp-allocator-block-size=2097152"
    "memorysetup-job-temp-allocator-block-size-background=1048576"
    "memorysetup-job-temp-allocator-reduction-small-platforms=262144"
    "memorysetup-allocator-temp-initial-block-size-main=262144"
    "memorysetup-allocator-temp-initial-block-size-worker=262144"
    "memorysetup-temp-allocator-size-background-worker=32768"
    "memorysetup-temp-allocator-size-job-worker=262144"
    "memorysetup-temp-allocator-size-preload-manager=33554432"
    "memorysetup-temp-allocator-size-nav-mesh-worker=65536"
    "memorysetup-temp-allocator-size-audio-worker=65536"
    "memorysetup-temp-allocator-size-cloud-worker=32768"
    "memorysetup-temp-allocator-size-gi-baking-worker=262144"
    "memorysetup-temp-allocator-size-gfx=262144"
Player connection [8428] Host "[IP] 10.160.20.118 [Port] 0 [Flags] 2 [Guid] 3739829129 [EditorId] 3739829129 [Version] 1048832 [Id] WindowsEditor(7,Jaden-Laptop) [Debug] 1 [PackageName] WindowsEditor [ProjectName] Editor" joined multi-casting on [225.0.0.222:54997]...

Player connection [8428] Host "[IP] 10.160.20.118 [Port] 0 [Flags] 2 [Guid] 3739829129 [EditorId] 3739829129 [Version] 1048832 [Id] WindowsEditor(7,Jaden-Laptop) [Debug] 1 [PackageName] WindowsEditor [ProjectName] Editor" joined alternative multi-casting on [225.0.0.222:34997]...

[Physics::Module] Initialized MultithreadedJobDispatcher with 31 workers.
Refreshing native plugins compatible for Editor in 14.96 ms, found 3 plugins.
Preloading 0 native plugins for Editor in 0.00 ms.
Initialize engine version: 2022.3.11f1 (d00248457e15)
[Subsystems] Discovering subsystems at path C:/Program Files/Unity/Hub/Editor/2022.3.11f1/Editor/Data/Resources/UnitySubsystems
[Subsystems] Discovering subsystems at path C:/Unity Projects/CompAnimLabs/LAB-01-JADENCHEN/Assets
GfxDevice: creating device client; threaded=0; jobified=0
Direct3D:
    Version:  Direct3D 11.0 [level 11.1]
    Renderer: NVIDIA GeForce RTX 4070 Laptop GPU (ID=0x2860)
    Vendor:   NVIDIA
    VRAM:     7948 MB
    Driver:   32.0.15.6081
Initialize mono
Mono path[0] = 'C:/Program Files/Unity/Hub/Editor/2022.3.11f1/Editor/Data/Managed'
Mono path[1] = 'C:/Program Files/Unity/Hub/Editor/2022.3.11f1/Editor/Data/MonoBleedingEdge/lib/mono/unityjit-win32'
Mono config path = 'C:/Program Files/Unity/Hub/Editor/2022.3.11f1/Editor/Data/MonoBleedingEdge/etc'
Using monoOptions --debugger-agent=transport=dt_socket,embedding=1,server=y,suspend=n,address=127.0.0.1:56964
Begin MonoManager ReloadAssembly
Registering precompiled unity dll's ...
Register platform support module: C:/Program Files/Unity/Hub/Editor/2022.3.11f1/Editor/Data/PlaybackEngines/WindowsStandaloneSupport/UnityEditor.WindowsStandalone.Extensions.dll
Registered in 0.018522 seconds.
- Loaded All Assemblies, in  0.515 seconds
Native extension for WindowsStandalone target not found
Mono: successfully reloaded assembly
- Finished resetting the current domain, in  0.388 seconds
Domain Reload Profiling: 899ms
	BeginReloadAssembly (150ms)
		ExecutionOrderSort (0ms)
		DisableScriptedObjects (0ms)
		BackupInstance (0ms)
		ReleaseScriptingObjects (0ms)
		CreateAndSetChildDomain (1ms)
	RebuildCommonClasses (45ms)
	RebuildNativeTypeToScriptingClass (15ms)
	initialDomainReloadingComplete (91ms)
	LoadAllAssembliesAndSetupDomain (209ms)
		LoadAssemblies (148ms)
		RebuildTransferFunctionScriptingTraits (0ms)
		AnalyzeDomain (206ms)
			TypeCache.Refresh (203ms)
				TypeCache.ScanAssembly (185ms)
			ScanForSourceGeneratedMonoScriptInfo (1ms)
			ResolveRequiredComponents (1ms)
	FinalizeReload (389ms)
		ReleaseScriptCaches (0ms)
		RebuildScriptCaches (0ms)
		SetupLoadedEditorAssemblies (301ms)
			LogAssemblyErrors (0ms)
			InitializePlatformSupportModulesInManaged (14ms)
			SetLoadedEditorAssemblies (12ms)
			RefreshPlugins (0ms)
			BeforeProcessingInitializeOnLoad (3ms)
			ProcessInitializeOnLoadAttributes (193ms)
			ProcessInitializeOnLoadMethodAttributes (79ms)
			AfterProcessingInitializeOnLoad (0ms)
			EditorAssembliesLoaded (0ms)
		ExecutionOrderSort2 (0ms)
		AwakeInstancesAfterBackupRestoration (0ms)
========================================================================
Worker process is ready to serve import requests
Begin MonoManager ReloadAssembly
- Loaded All Assemblies, in  0.829 seconds
Refreshing native plugins compatible for Editor in 4.01 ms, found 3 plugins.
Native extension for WindowsStandalone target not found
Package Manager log level set to [2]
[Package Manager] Server::EnsureServerProcessIsRunning -- launch failed, reason: Unity was launched with the -noUpm command-line argument
[Package Manager] UpmClient::Send -- Unable to send message (not connected to UPM process).
[Package Manager] Cannot connect to Unity Package Manager local server
Mono: successfully reloaded assembly
- Finished resetting the current domain, in  1.085 seconds
Domain Reload Profiling: 1909ms
	BeginReloadAssembly (198ms)
		ExecutionOrderSort (0ms)
		DisableScriptedObjects (6ms)
		BackupInstance (0ms)
		ReleaseScriptingObjects (0ms)
		CreateAndSetChildDomain (23ms)
	RebuildCommonClasses (41ms)
	RebuildNativeTypeToScriptingClass (13ms)
	initialDomainReloadingComplete (58ms)
	LoadAllAssembliesAndSetupDomain (513ms)
		LoadAssemblies (401ms)
		RebuildTransferFunctionScriptingTraits (0ms)
		AnalyzeDomain (233ms)
			TypeCache.Refresh (211ms)
				TypeCache.ScanAssembly (193ms)
			ScanForSourceGeneratedMonoScriptInfo (16ms)
			ResolveRequiredComponents (4ms)
	FinalizeReload (1085ms)
		ReleaseScriptCaches (0ms)
		RebuildScriptCaches (0ms)
		SetupLoadedEditorAssemblies (889ms)
			LogAssemblyErrors (0ms)
			InitializePlatformSupportModulesInManaged (8ms)
			SetLoadedEditorAssemblies (7ms)
			RefreshPlugins (0ms)
			BeforeProcessingInitializeOnLoad (95ms)
			ProcessInitializeOnLoadAttributes (744ms)
			ProcessInitializeOnLoadMethodAttributes (25ms)
			AfterProcessingInitializeOnLoad (10ms)
			EditorAssembliesLoaded (0ms)
		ExecutionOrderSort2 (0ms)
		AwakeInstancesAfterBackupRestoration (8ms)
Launched and connected shader compiler UnityShaderCompiler.exe after 0.12 seconds
Refreshing native plugins compatible for Editor in 6.45 ms, found 3 plugins.
Preloading 0 native plugins for Editor in 0.00 ms.
Unloading 3091 Unused Serialized files (Serialized files now loaded: 0)
Unloading 32 unused Assets / (56.9 KB). Loaded Objects now: 3552.
Memory consumption went from 122.1 MB to 122.1 MB.
Total: 4.103900 ms (FindLiveObjects: 0.211400 ms CreateObjectMapping: 0.077900 ms MarkObjects: 3.700800 ms  DeleteObjects: 0.112700 ms)

AssetImportParameters requested are different than current active one (requested -> active):
  custom:container-demuxer-ogg: 62fdf1f143b41e24485cea50d1cbac27 -> 
  custom:video-codec-MediaFoundation-h265: 746d11721c4dcdbdad8f713fa42b33f4 -> 
  custom:video-decoder-ogg-theora: a1e56fd34408186e4bbccfd4996cb3dc -> 
  custom:framework-win-MediaFoundation: 216162199b28c13a410421893ffa2e32 -> 
  custom:CustomObjectIndexerAttribute: 756ad292c208cfabdd7b50bc23989ffe -> 
  custom:container-demuxer-webm: 4f35f7cbe854078d1ac9338744f61a02 -> 
  custom:container-muxer-webm: aa71ff27fc2769a1b78a27578f13a17b -> 
  custom:video-decoder-webm-vp8: 9c59270c3fd7afecdb556c50c9e8de78 -> 
  custom:SearchIndexIgnoredProperties: e643bd26f0fe6173181afceb89e7c659 -> 
  custom:AudioImporter_EditorPlatform: d09bf68614088b80899f8185d706f6e7 -> 
  custom:video-encoder-webm-vp8: eb34c28f22e8b96e1ab97ce403110664 -> 
  custom:audio-decoder-ogg-vorbis: bf7c407c2cedff20999df2af8eb42d56 -> 
  custom:audio-encoder-webm-vorbis: bf7c407c2cedff20999df2af8eb42d56 -> 
========================================================================
Received Import Request.
  Time since last request: 76169.462876 seconds.
  path: Assets/Animations/ChairTimeline.playable
  artifactKey: Guid(93ed0dffa10d3bf439d512aadc9b773c) Importer(815301076,1909f56bfc062723c751e8b465ee728b)
Start importing Assets/Animations/ChairTimeline.playable using Guid(93ed0dffa10d3bf439d512aadc9b773c) Importer(815301076,1909f56bfc062723c751e8b465ee728b)  -> (artifact id: '5278c449915e78a5e7795df20bd16900') in 0.015066 seconds
Number of updated asset objects reloaded before import = 0
Number of asset objects unloaded after import = 1
========================================================================
Received Import Request.
  Time since last request: 34.002139 seconds.
  path: Assets/Animations/ChairTimeline.playable
  artifactKey: Guid(93ed0dffa10d3bf439d512aadc9b773c) Importer(815301076,1909f56bfc062723c751e8b465ee728b)
Start importing Assets/Animations/ChairTimeline.playable using Guid(93ed0dffa10d3bf439d512aadc9b773c) Importer(815301076,1909f56bfc062723c751e8b465ee728b)  -> (artifact id: 'dee3969883d1e845bb3d90fcca216977') in 0.006144 seconds
Number of updated asset objects reloaded before import = 0
Number of asset objects unloaded after import = 2
========================================================================
Received Import Request.
  Time since last request: 5.433466 seconds.
  path: Assets/Import/CatBorg Studio/3D Dungeon Lowpoly Pack/Materials
  artifactKey: Guid(78ac16cfa29e3db45a518152dd9ae685) Importer(815301076,1909f56bfc062723c751e8b465ee728b)
Start importing Assets/Import/CatBorg Studio/3D Dungeon Lowpoly Pack/Materials using Guid(78ac16cfa29e3db45a518152dd9ae685) Importer(815301076,1909f56bfc062723c751e8b465ee728b)  -> (artifact id: '2b97ba35d0a38e6859cab346862e7f88') in 0.000617 seconds
Number of updated asset objects reloaded before import = 0
Number of asset objects unloaded after import = 0
========================================================================
Received Import Request.
  Time since last request: 0.018454 seconds.
  path: Assets/Import/CatBorg Studio/3D Dungeon Lowpoly Pack/Materials/Glass.mat
  artifactKey: Guid(00d936608e1969947b5f410959bad6ab) Importer(815301076,1909f56bfc062723c751e8b465ee728b)
Start importing Assets/Import/CatBorg Studio/3D Dungeon Lowpoly Pack/Materials/Glass.mat using Guid(00d936608e1969947b5f410959bad6ab) Importer(815301076,1909f56bfc062723c751e8b465ee728b)  -> (artifact id: 'd712ef59eee4ab274af89cacf8cb729d') in 0.398927 seconds
Number of updated asset objects reloaded before import = 0
Number of asset objects unloaded after import = 1
========================================================================
Received Import Request.
  Time since last request: 971.726977 seconds.
  path: Assets/Animations/Chair.controller
  artifactKey: Guid(02e71b31663d7a044af72c129efdfbfa) Importer(815301076,1909f56bfc062723c751e8b465ee728b)
Start importing Assets/Animations/Chair.controller using Guid(02e71b31663d7a044af72c129efdfbfa) Importer(815301076,1909f56bfc062723c751e8b465ee728b)  -> (artifact id: '9a0c4897aeff69835635754aae88eeb4') in 0.004632 seconds
Number of updated asset objects reloaded before import = 0
Number of asset objects unloaded after import = 4
========================================================================
Received Import Request.
  Time since last request: 796.960871 seconds.
  path: Assets/Animations/ChairTimeline.playable
  artifactKey: Guid(93ed0dffa10d3bf439d512aadc9b773c) Importer(815301076,1909f56bfc062723c751e8b465ee728b)
Start importing Assets/Animations/ChairTimeline.playable using Guid(93ed0dffa10d3bf439d512aadc9b773c) Importer(815301076,1909f56bfc062723c751e8b465ee728b)  -> (artifact id: '1e9f8662416f4e0e96b9447e0cc41d71') in 0.005066 seconds
Number of updated asset objects reloaded before import = 0
Number of asset objects unloaded after import = 5
========================================================================
Received Import Request.
  Time since last request: 2.432873 seconds.
  path: Assets/Animations/Gem.controller
  artifactKey: Guid(4848f6fc06ce05b4f98f81b624f5475d) Importer(815301076,1909f56bfc062723c751e8b465ee728b)
Start importing Assets/Animations/Gem.controller using Guid(4848f6fc06ce05b4f98f81b624f5475d) Importer(815301076,1909f56bfc062723c751e8b465ee728b)  -> (artifact id: 'bb30ded015115195e79302649a75bf5b') in 0.001805 seconds
Number of updated asset objects reloaded before import = 0
Number of asset objects unloaded after import = 4
========================================================================
Received Import Request.
  Time since last request: 4.403450 seconds.
  path: Assets/Animations/Rotation.anim
  artifactKey: Guid(d4335ac5a3a7d0144b43ae8513b2f0dc) Importer(815301076,1909f56bfc062723c751e8b465ee728b)
Start importing Assets/Animations/Rotation.anim using Guid(d4335ac5a3a7d0144b43ae8513b2f0dc) Importer(815301076,1909f56bfc062723c751e8b465ee728b)  -> (artifact id: '0c5c8ca2840db768c1ddb0415ed1c90e') in 0.001407 seconds
Number of updated asset objects reloaded before import = 0
Number of asset objects unloaded after import = 1
========================================================================
Received Import Request.
  Time since last request: 4.526326 seconds.
  path: Assets/Animations/Chair
  artifactKey: Guid(d5cf7aa40c7ccf14fbb10af57c4255b8) Importer(815301076,1909f56bfc062723c751e8b465ee728b)
Start importing Assets/Animations/Chair using Guid(d5cf7aa40c7ccf14fbb10af57c4255b8) Importer(815301076,1909f56bfc062723c751e8b465ee728b)  -> (artifact id: '13c61cdf9b92939cad23d06e06a24ab7') in 0.000633 seconds
Number of updated asset objects reloaded before import = 0
Number of asset objects unloaded after import = 0
========================================================================
Received Import Request.
  Time since last request: 1.320569 seconds.
  path: Assets/Animations/Chair.controller
  artifactKey: Guid(02e71b31663d7a044af72c129efdfbfa) Importer(815301076,1909f56bfc062723c751e8b465ee728b)
Start importing Assets/Animations/Chair.controller using Guid(02e71b31663d7a044af72c129efdfbfa) Importer(815301076,1909f56bfc062723c751e8b465ee728b)  -> (artifact id: '7fe1075fcd5a612fdb47bca21418fdcf') in 0.003127 seconds
Number of updated asset objects reloaded before import = 0
Number of asset objects unloaded after import = 6
========================================================================
Received Import Request.
  Time since last request: 5.301948 seconds.
  path: Assets/Animations/Gem
  artifactKey: Guid(90859a721c54c1d40b9d22abaead5a14) Importer(815301076,1909f56bfc062723c751e8b465ee728b)
Start importing Assets/Animations/Gem using Guid(90859a721c54c1d40b9d22abaead5a14) Importer(815301076,1909f56bfc062723c751e8b465ee728b)  -> (artifact id: '950bab4c139837c15879c479278f1c37') in 0.000674 seconds
Number of updated asset objects reloaded before import = 0
Number of asset objects unloaded after import = 0
========================================================================
Received Import Request.
  Time since last request: 523.678101 seconds.
  path: Assets/Animations/Chair/Chair.controller
  artifactKey: Guid(02e71b31663d7a044af72c129efdfbfa) Importer(815301076,1909f56bfc062723c751e8b465ee728b)
Start importing Assets/Animations/Chair/Chair.controller using Guid(02e71b31663d7a044af72c129efdfbfa) Importer(815301076,1909f56bfc062723c751e8b465ee728b)  -> (artifact id: '66f19012ac4f5409ef5d524ef184951c') in 0.003615 seconds
Number of updated asset objects reloaded before import = 0
Number of asset objects unloaded after import = 8
========================================================================
Received Import Request.
  Time since last request: 204.891602 seconds.
  path: Assets/Animations/Chair/Chair.controller
  artifactKey: Guid(02e71b31663d7a044af72c129efdfbfa) Importer(815301076,1909f56bfc062723c751e8b465ee728b)
Start importing Assets/Animations/Chair/Chair.controller using Guid(02e71b31663d7a044af72c129efdfbfa) Importer(815301076,1909f56bfc062723c751e8b465ee728b)  -> (artifact id: '130c2b3776e407aac41d57d1aa0dc428') in 0.003662 seconds
Number of updated asset objects reloaded before import = 0
Number of asset objects unloaded after import = 10
